\BOOKMARK [1][-]{section.1}{Introduction}{}% 1
\BOOKMARK [2][-]{subsection.1.1}{Parkinson\220s disease \(PD\)}{section.1}% 2
\BOOKMARK [2][-]{subsection.1.2}{Goal of laboratory}{section.1}% 3
\BOOKMARK [1][-]{section.2}{The data}{}% 4
\BOOKMARK [2][-]{subsection.2.1}{The data set}{section.2}% 5
\BOOKMARK [2][-]{subsection.2.2}{Preprocessing}{section.2}% 6
\BOOKMARK [1][-]{section.3}{Methods and Algorithms}{}% 7
\BOOKMARK [2][-]{subsection.3.1}{LLS pseudoinverse}{section.3}% 8
\BOOKMARK [3][-]{subsubsection.3.1.1}{Result}{subsection.3.1}% 9
\BOOKMARK [2][-]{subsection.3.2}{The gradient algorithm}{section.3}% 10
\BOOKMARK [3][-]{subsubsection.3.2.1}{Result}{subsection.3.2}% 11
\BOOKMARK [2][-]{subsection.3.3}{The stochastic gradient}{section.3}% 12
\BOOKMARK [3][-]{subsubsection.3.3.1}{Result}{subsection.3.3}% 13
\BOOKMARK [2][-]{subsection.3.4}{The conjugate gradient}{section.3}% 14
\BOOKMARK [3][-]{subsubsection.3.4.1}{Result}{subsection.3.4}% 15
\BOOKMARK [2][-]{subsection.3.5}{The steepest descent algorithm}{section.3}% 16
\BOOKMARK [3][-]{subsubsection.3.5.1}{Result}{subsection.3.5}% 17
\BOOKMARK [2][-]{subsection.3.6}{The ridge regression \(optimize \)}{section.3}% 18
\BOOKMARK [3][-]{subsubsection.3.6.1}{Result}{subsection.3.6}% 19
\BOOKMARK [1][-]{section.4}{Conclusions}{}% 20
